apks/v1/free/proguard-free/mapping.txt
com.google.android.gms.internal.fj -> com.google.android.gms.internal.fj:
    void a(java.lang.StringBuilder,java.lang.Object[]) -> a
    void a(java.lang.StringBuilder,int[]) -> a
    void a(java.lang.StringBuilder,long[]) -> a
    void a(java.lang.StringBuilder,float[]) -> a
    void a(java.lang.StringBuilder,double[]) -> a
    void a(java.lang.StringBuilder,boolean[]) -> a
    void a(java.lang.StringBuilder,java.lang.String[]) -> a
    java.util.ArrayList eH() -> eH
com.google.android.gms.internal.fk -> com.google.android.gms.internal.fk:
    java.lang.String d(byte[]) -> d
    java.lang.String e(byte[]) -> e
com.google.android.gms.internal.fl -> com.google.android.gms.internal.fl:
    long currentTimeMillis() -> currentTimeMillis
com.google.android.gms.internal.fm -> com.google.android.gms.internal.fm:
    void b(java.lang.String,android.database.CharArrayBuffer) -> b
com.google.android.gms.internal.fn -> com.google.android.gms.internal.fn:
    com.google.android.gms.internal.fn CN -> CN
    com.google.android.gms.internal.fl eI() -> eI
    long currentTimeMillis() -> currentTimeMillis
com.google.android.gms.internal.fo -> com.google.android.gms.internal.fo:
    boolean ab(int) -> ab
com.google.android.gms.internal.fp -> com.google.android.gms.internal.fp:
    java.util.regex.Pattern CO -> CO
    java.util.regex.Pattern CP -> CP
    java.lang.String ap(java.lang.String) -> ap
    boolean d(java.lang.Object,java.lang.Object) -> d
com.google.android.gms.internal.fq -> com.google.android.gms.internal.fq:
    void a(java.lang.StringBuilder,java.util.HashMap) -> a
com.google.android.gms.internal.fr -> com.google.android.gms.internal.fr:
    boolean eJ() -> eJ
    boolean eK() -> eK
    boolean eL() -> eL
    boolean eM() -> eM
    boolean eN() -> eN
    boolean eO() -> eO
    boolean ac(int) -> ac
com.google.android.gms.internal.fs -> com.google.android.gms.internal.fs:
    com.google.android.gms.drive.metadata.MetadataField El -> El
    com.google.android.gms.drive.metadata.MetadataField TITLE -> TITLE
    com.google.android.gms.drive.metadata.MetadataField MIME_TYPE -> MIME_TYPE
    com.google.android.gms.drive.metadata.MetadataField STARRED -> STARRED
    com.google.android.gms.drive.metadata.MetadataField TRASHED -> TRASHED
    com.google.android.gms.drive.metadata.MetadataField Em -> Em
    com.google.android.gms.drive.metadata.MetadataField IS_PINNED -> IS_PINNED
    com.google.android.gms.drive.metadata.MetadataField En -> En
    com.google.android.gms.drive.metadata.MetadataField Eo -> Eo
    com.google.android.gms.drive.metadata.CollectionMetadataField PARENTS -> PARENTS
    com.google.android.gms.drive.metadata.MetadataField Ep -> Ep
    com.google.android.gms.drive.metadata.CollectionMetadataField Eq -> Eq
    com.google.android.gms.drive.metadata.MetadataField Er -> Er
    com.google.android.gms.drive.metadata.MetadataField Es -> Es
    com.google.android.gms.drive.metadata.MetadataField Et -> Et
    com.google.android.gms.drive.metadata.MetadataField Eu -> Eu
    com.google.android.gms.drive.metadata.MetadataField Ev -> Ev
    com.google.android.gms.drive.metadata.MetadataField Ew -> Ew
    com.google.android.gms.drive.metadata.MetadataField Ex -> Ex
    com.google.android.gms.drive.metadata.MetadataField Ey -> Ey
com.google.android.gms.internal.fs$1 -> com.google.android.gms.internal.fs$1:
    java.lang.Boolean d(com.google.android.gms.common.data.DataHolder,int,int) -> d
    java.lang.Object b(com.google.android.gms.common.data.DataHolder,int,int) -> b
com.google.android.gms.internal.ft -> com.google.android.gms.internal.ft:
    com.google.android.gms.drive.metadata.OrderedMetadataField EE -> EE
    com.google.android.gms.drive.metadata.OrderedMetadataField EF -> EF
    com.google.android.gms.drive.metadata.OrderedMetadataField EG -> EG
    com.google.android.gms.drive.metadata.OrderedMetadataField EH -> EH
    com.google.android.gms.drive.metadata.OrderedMetadataField LAST_VIEWED_BY_ME -> LAST_VIEWED_BY_ME